<?xml version="1.0" encoding="UTF-8"?>
<testng-results skipped="0" failed="0" ignored="0" total="1" passed="1">
  <reporter-output>
  </reporter-output>
  <suite name="Default suite" duration-ms="10376" started-at="2020-09-27T22:05:54 SGT" finished-at="2020-09-27T22:06:04 SGT">
    <groups>
    </groups>
    <test name="Default test" duration-ms="10376" started-at="2020-09-27T22:05:54 SGT" finished-at="2020-09-27T22:06:04 SGT">
      <class name="test.FirstSeleniumTest_ExtentReports_TestNG">
        <test-method status="PASS" signature="setBrowser()[pri:0, instance:test.FirstSeleniumTest_ExtentReports_TestNG@4b9e255]" name="setBrowser" is-config="true" duration-ms="75" started-at="2020-09-27T22:05:54 SGT" finished-at="2020-09-27T22:05:54 SGT">
          <reporter-output>
          </reporter-output>
        </test-method> <!-- setBrowser -->
        <test-method status="PASS" signature="setBrowserConfig()[pri:0, instance:test.FirstSeleniumTest_ExtentReports_TestNG@4b9e255]" name="setBrowserConfig" is-config="true" duration-ms="3145" started-at="2020-09-27T22:05:54 SGT" finished-at="2020-09-27T22:05:57 SGT">
          <reporter-output>
          </reporter-output>
        </test-method> <!-- setBrowserConfig -->
        <test-method status="PASS" signature="runTest()[pri:0, instance:test.FirstSeleniumTest_ExtentReports_TestNG@4b9e255]" name="runTest" duration-ms="6478" started-at="2020-09-27T22:05:57 SGT" finished-at="2020-09-27T22:06:04 SGT">
          <reporter-output>
          </reporter-output>
        </test-method> <!-- runTest -->
        <test-method status="PASS" signature="endTest()[pri:0, instance:test.FirstSeleniumTest_ExtentReports_TestNG@4b9e255]" name="endTest" is-config="true" duration-ms="730" started-at="2020-09-27T22:06:04 SGT" finished-at="2020-09-27T22:06:04 SGT">
          <reporter-output>
          </reporter-output>
        </test-method> <!-- endTest -->
      </class> <!-- test.FirstSeleniumTest_ExtentReports_TestNG -->
    </test> <!-- Default test -->
  </suite> <!-- Default suite -->
</testng-results>
