<?xml version="1.0" encoding="UTF-8"?>
<!-- Generated by org.testng.reporters.JUnitXMLReporter -->
<testsuite hostname="DESKTOP-4T5QK25" ignored="0" name="Test1" tests="3" failures="0" timestamp="2020-09-29T21:58:45 SGT" time="33.15" errors="0">
  <testcase name="runTest" time="11.859" classname="test.FirstSeleniumTest_TestNG"/>
  <testcase name="runTest2" time="12.114" classname="test.FirstSeleniumTest_TestNG_2"/>
  <testcase name="runTest3" time="6.465" classname="test.FirstSeleniumTest_TestNG_2"/>
</testsuite> <!-- Test1 -->
